# JRE version: Java(TM) SE Runtime Environment (8.0_45-b14) (build 1.8.0_45-b14)
# Java VM: Java HotSpot(TM) 64-Bit Server VM (25.45-b02 mixed mode linux-amd64 compressed oops)
Heap:
 PSYoungGen      total 195072K, used 10730K [0x00000000ec800000, 0x00000000f9600000, 0x0000000100000000)
  eden space 184320K, 0% used [0x00000000ec800000,0x00000000ec800000,0x00000000f7c00000)
  from space 10752K, 99% used [0x00000000f8a00000,0x00000000f947a828,0x00000000f9480000)
  to   space 13312K, 0% used [0x00000000f7c00000,0x00000000f7c00000,0x00000000f8900000)
 ParOldGen       total 44544K, used 16890K [0x00000000c5800000, 0x00000000c8380000, 0x00000000ec800000)
  object space 44544K, 37% used [0x00000000c5800000,0x00000000c687e900,0x00000000c8380000)
 Metaspace       used 34897K, capacity 35168K, committed 35456K, reserved 1081344K
  class space    used 4321K, capacity 4385K, committed 4480K, reserved 1048576K
GC Heap History (10 events):
Event: 2,557 GC heap after
Heap after GC invocations=5 (full 0):
 PSYoungGen      total 64000K, used 2552K [0x00000000ec800000, 0x00000000f5400000, 0x0000000100000000)
  eden space 61440K, 0% used [0x00000000ec800000,0x00000000ec800000,0x00000000f0400000)
  from space 2560K, 99% used [0x00000000f0400000,0x00000000f067e030,0x00000000f0680000)
  to   space 10240K, 0% used [0x00000000f4a00000,0x00000000f4a00000,0x00000000f5400000)
 ParOldGen       total 40960K, used 19110K [0x00000000c5800000, 0x00000000c8000000, 0x00000000ec800000)
  object space 40960K, 46% used [0x00000000c5800000,0x00000000c6aa99f0,0x00000000c8000000)
 Metaspace       used 19734K, capacity 19954K, committed 20096K, reserved 1067008K
  class space    used 2371K, capacity 2422K, committed 2432K, reserved 1048576K
}
Event: 2,978 GC heap before
{Heap before GC invocations=6 (full 0):
 PSYoungGen      total 64000K, used 41152K [0x00000000ec800000, 0x00000000f5400000, 0x0000000100000000)
  eden space 61440K, 62% used [0x00000000ec800000,0x00000000eedb2048,0x00000000f0400000)
  from space 2560K, 99% used [0x00000000f0400000,0x00000000f067e030,0x00000000f0680000)
  to   space 10240K, 0% used [0x00000000f4a00000,0x00000000f4a00000,0x00000000f5400000)
 ParOldGen       total 40960K, used 19110K [0x00000000c5800000, 0x00000000c8000000, 0x00000000ec800000)
  object space 40960K, 46% used [0x00000000c5800000,0x00000000c6aa99f0,0x00000000c8000000)
 Metaspace       used 20892K, capacity 21080K, committed 21296K, reserved 1069056K
  class space    used 2540K, capacity 2583K, committed 2688K, reserved 1048576K
Event: 2,994 GC heap after
Heap after GC invocations=6 (full 0):
 PSYoungGen      total 133120K, used 7118K [0x00000000ec800000, 0x00000000f5400000, 0x0000000100000000)
  eden space 122880K, 0% used [0x00000000ec800000,0x00000000ec800000,0x00000000f4000000)
  from space 10240K, 69% used [0x00000000f4a00000,0x00000000f50f3990,0x00000000f5400000)
  to   space 10240K, 0% used [0x00000000f4000000,0x00000000f4000000,0x00000000f4a00000)
 ParOldGen       total 40960K, used 19118K [0x00000000c5800000, 0x00000000c8000000, 0x00000000ec800000)
  object space 40960K, 46% used [0x00000000c5800000,0x00000000c6aab9f0,0x00000000c8000000)
 Metaspace       used 20892K, capacity 21080K, committed 21296K, reserved 1069056K
  class space    used 2540K, capacity 2583K, committed 2688K, reserved 1048576K
}
Event: 2,994 GC heap before
{Heap before GC invocations=7 (full 1):
 PSYoungGen      total 133120K, used 7118K [0x00000000ec800000, 0x00000000f5400000, 0x0000000100000000)
  eden space 122880K, 0% used [0x00000000ec800000,0x00000000ec800000,0x00000000f4000000)
  from space 10240K, 69% used [0x00000000f4a00000,0x00000000f50f3990,0x00000000f5400000)
  to   space 10240K, 0% used [0x00000000f4000000,0x00000000f4000000,0x00000000f4a00000)
 ParOldGen       total 40960K, used 19118K [0x00000000c5800000, 0x00000000c8000000, 0x00000000ec800000)
  object space 40960K, 46% used [0x00000000c5800000,0x00000000c6aab9f0,0x00000000c8000000)
 Metaspace       used 20892K, capacity 21080K, committed 21296K, reserved 1069056K
  class space    used 2540K, capacity 2583K, committed 2688K, reserved 1048576K
Event: 3,059 GC heap after
Heap after GC invocations=7 (full 1):
 PSYoungGen      total 133120K, used 0K [0x00000000ec800000, 0x00000000f5400000, 0x0000000100000000)
  eden space 122880K, 0% used [0x00000000ec800000,0x00000000ec800000,0x00000000f4000000)
  from space 10240K, 0% used [0x00000000f4a00000,0x00000000f4a00000,0x00000000f5400000)
  to   space 10240K, 0% used [0x00000000f4000000,0x00000000f4000000,0x00000000f4a00000)
 ParOldGen       total 44544K, used 14694K [0x00000000c5800000, 0x00000000c8380000, 0x00000000ec800000)
  object space 44544K, 32% used [0x00000000c5800000,0x00000000c66598b0,0x00000000c8380000)
 Metaspace       used 20892K, capacity 21080K, committed 21296K, reserved 1069056K
  class space    used 2540K, capacity 2583K, committed 2688K, reserved 1048576K
}
Event: 5,172 GC heap before
{Heap before GC invocations=8 (full 1):
 PSYoungGen      total 133120K, used 122880K [0x00000000ec800000, 0x00000000f5400000, 0x0000000100000000)
  eden space 122880K, 100% used [0x00000000ec800000,0x00000000f4000000,0x00000000f4000000)
  from space 10240K, 0% used [0x00000000f4a00000,0x00000000f4a00000,0x00000000f5400000)
  to   space 10240K, 0% used [0x00000000f4000000,0x00000000f4000000,0x00000000f4a00000)
 ParOldGen       total 44544K, used 14694K [0x00000000c5800000, 0x00000000c8380000, 0x00000000ec800000)
  object space 44544K, 32% used [0x00000000c5800000,0x00000000c66598b0,0x00000000c8380000)
 Metaspace       used 27260K, capacity 27522K, committed 27776K, reserved 1073152K
  class space    used 3312K, capacity 3358K, committed 3456K, reserved 1048576K
Event: 5,198 GC heap after
Heap after GC invocations=8 (full 1):
 PSYoungGen      total 133120K, used 9151K [0x00000000ec800000, 0x00000000f9480000, 0x0000000100000000)
  eden space 122880K, 0% used [0x00000000ec800000,0x00000000ec800000,0x00000000f4000000)
  from space 10240K, 89% used [0x00000000f4000000,0x00000000f48efd90,0x00000000f4a00000)
  to   space 10752K, 0% used [0x00000000f8a00000,0x00000000f8a00000,0x00000000f9480000)
 ParOldGen       total 44544K, used 14702K [0x00000000c5800000, 0x00000000c8380000, 0x00000000ec800000)
  object space 44544K, 33% used [0x00000000c5800000,0x00000000c665b8b0,0x00000000c8380000)
 Metaspace       used 27260K, capacity 27522K, committed 27776K, reserved 1073152K
  class space    used 3312K, capacity 3358K, committed 3456K, reserved 1048576K
}
Event: 7,162 GC heap before
{Heap before GC invocations=9 (full 1):
 PSYoungGen      total 133120K, used 106211K [0x00000000ec800000, 0x00000000f9480000, 0x0000000100000000)
  eden space 122880K, 78% used [0x00000000ec800000,0x00000000f26c9198,0x00000000f4000000)
  from space 10240K, 89% used [0x00000000f4000000,0x00000000f48efd90,0x00000000f4a00000)
  to   space 10752K, 0% used [0x00000000f8a00000,0x00000000f8a00000,0x00000000f9480000)
 ParOldGen       total 44544K, used 14702K [0x00000000c5800000, 0x00000000c8380000, 0x00000000ec800000)
  object space 44544K, 33% used [0x00000000c5800000,0x00000000c665b8b0,0x00000000c8380000)
 Metaspace       used 34897K, capacity 35168K, committed 35456K, reserved 1081344K
  class space    used 4321K, capacity 4385K, committed 4480K, reserved 1048576K
Event: 7,188 GC heap after
Heap after GC invocations=9 (full 1):
 PSYoungGen      total 195072K, used 10730K [0x00000000ec800000, 0x00000000f9600000, 0x0000000100000000)
  eden space 184320K, 0% used [0x00000000ec800000,0x00000000ec800000,0x00000000f7c00000)
  from space 10752K, 99% used [0x00000000f8a00000,0x00000000f947a828,0x00000000f9480000)
  to   space 13312K, 0% used [0x00000000f7c00000,0x00000000f7c00000,0x00000000f8900000)
 ParOldGen       total 44544K, used 16890K [0x00000000c5800000, 0x00000000c8380000, 0x00000000ec800000)
  object space 44544K, 37% used [0x00000000c5800000,0x00000000c687e900,0x00000000c8380000)
 Metaspace       used 34897K, capacity 35168K, committed 35456K, reserved 1081344K
  class space    used 4321K, capacity 4385K, committed 4480K, reserved 1048576K
}
Event: 7,188 GC heap before
{Heap before GC invocations=10 (full 2):
 PSYoungGen      total 195072K, used 10730K [0x00000000ec800000, 0x00000000f9600000, 0x0000000100000000)
  eden space 184320K, 0% used [0x00000000ec800000,0x00000000ec800000,0x00000000f7c00000)
  from space 10752K, 99% used [0x00000000f8a00000,0x00000000f947a828,0x00000000f9480000)
  to   space 13312K, 0% used [0x00000000f7c00000,0x00000000f7c00000,0x00000000f8900000)
 ParOldGen       total 44544K, used 16890K [0x00000000c5800000, 0x00000000c8380000, 0x00000000ec800000)
  object space 44544K, 37% used [0x00000000c5800000,0x00000000c687e900,0x00000000c8380000)
 Metaspace       used 34897K, capacity 35168K, committed 35456K, reserved 1081344K
  class space    used 4321K, capacity 4385K, committed 4480K, reserved 1048576K

